<?xml version="1.0" encoding="UTF-8"?>
<testng-results total="4" passed="4" failed="0" skipped="0">
  <reporter-output>
  </reporter-output>
  <suite started-at="2018-10-25T00:48:14Z" name="Suite" finished-at="2018-10-25T00:49:13Z" duration-ms="58622">
    <groups>
    </groups>
    <test started-at="2018-10-25T00:48:14Z" name="Test" finished-at="2018-10-25T00:48:52Z" duration-ms="37725">
      <class name="Academy.HomePage">
        <test-method is-config="true" signature="initialize()[pri:0, instance:Academy.HomePage@4c550889]" started-at="2018-10-24T20:48:14Z" name="initialize" finished-at="2018-10-24T20:48:17Z" duration-ms="2570" status="PASS">
          <reporter-output>
          </reporter-output>
        </test-method> <!-- initialize -->
        <test-method signature="basePageNavigation(java.lang.String, java.lang.String, java.lang.String)[pri:0, instance:Academy.HomePage@4c550889]" started-at="2018-10-24T20:48:17Z" name="basePageNavigation" data-provider="getData" finished-at="2018-10-24T20:48:27Z" duration-ms="10669" status="PASS">
          <params>
            <param index="0">
              <value>
                <![CDATA[nonrestricted@efgh.com]]>
              </value>
            </param>
            <param index="1">
              <value>
                <![CDATA[123456]]>
              </value>
            </param>
            <param index="2">
              <value>
                <![CDATA[Restricted Users]]>
              </value>
            </param>
          </params>
          <reporter-output>
          </reporter-output>
        </test-method> <!-- basePageNavigation -->
        <test-method signature="basePageNavigation(java.lang.String, java.lang.String, java.lang.String)[pri:0, instance:Academy.HomePage@4c550889]" started-at="2018-10-24T20:48:27Z" name="basePageNavigation" data-provider="getData" finished-at="2018-10-24T20:48:49Z" duration-ms="22158" status="PASS">
          <params>
            <param index="0">
              <value>
                <![CDATA[restricted@efgh.com]]>
              </value>
            </param>
            <param index="1">
              <value>
                <![CDATA[123456]]>
              </value>
            </param>
            <param index="2">
              <value>
                <![CDATA[Non Restricted Users]]>
              </value>
            </param>
          </params>
          <reporter-output>
          </reporter-output>
        </test-method> <!-- basePageNavigation -->
        <test-method is-config="true" signature="teardown()[pri:0, instance:Academy.HomePage@4c550889]" started-at="2018-10-24T20:48:49Z" name="teardown" finished-at="2018-10-24T20:48:52Z" duration-ms="2321" status="PASS">
          <reporter-output>
          </reporter-output>
        </test-method> <!-- teardown -->
      </class> <!-- Academy.HomePage -->
    </test> <!-- Test -->
    <test started-at="2018-10-25T00:48:52Z" name="Validate Title in the Page" finished-at="2018-10-25T00:49:02Z" duration-ms="10493">
      <class name="Academy.validateTitle">
        <test-method is-config="true" signature="initialize()[pri:0, instance:Academy.validateTitle@c2db68f]" started-at="2018-10-24T20:48:52Z" name="initialize" finished-at="2018-10-24T20:49:00Z" duration-ms="8106" status="PASS">
          <reporter-output>
          </reporter-output>
        </test-method> <!-- initialize -->
        <test-method signature="basePageNavigation()[pri:0, instance:Academy.validateTitle@c2db68f]" started-at="2018-10-24T20:49:00Z" name="basePageNavigation" finished-at="2018-10-24T20:49:00Z" duration-ms="46" status="PASS">
          <reporter-output>
          </reporter-output>
        </test-method> <!-- basePageNavigation -->
        <test-method is-config="true" signature="teardown()[pri:0, instance:Academy.validateTitle@c2db68f]" started-at="2018-10-24T20:49:00Z" name="teardown" finished-at="2018-10-24T20:49:02Z" duration-ms="2339" status="PASS">
          <reporter-output>
          </reporter-output>
        </test-method> <!-- teardown -->
      </class> <!-- Academy.validateTitle -->
    </test> <!-- Validate Title in the Page -->
    <test started-at="2018-10-25T00:49:02Z" name="Validate Navigation Bar" finished-at="2018-10-25T00:49:13Z" duration-ms="10338">
      <class name="Academy.validateNavigationBar">
        <test-method is-config="true" signature="initialize()[pri:0, instance:Academy.validateNavigationBar@7f6f61c8]" started-at="2018-10-24T20:49:02Z" name="initialize" finished-at="2018-10-24T20:49:10Z" duration-ms="7947" status="PASS">
          <reporter-output>
          </reporter-output>
        </test-method> <!-- initialize -->
        <test-method signature="basePageNavigation()[pri:0, instance:Academy.validateNavigationBar@7f6f61c8]" started-at="2018-10-24T20:49:10Z" name="basePageNavigation" finished-at="2018-10-24T20:49:10Z" duration-ms="41" status="PASS">
          <reporter-output>
          </reporter-output>
        </test-method> <!-- basePageNavigation -->
        <test-method is-config="true" signature="teardown()[pri:0, instance:Academy.validateNavigationBar@7f6f61c8]" started-at="2018-10-24T20:49:10Z" name="teardown" finished-at="2018-10-24T20:49:13Z" duration-ms="2349" status="PASS">
          <reporter-output>
          </reporter-output>
        </test-method> <!-- teardown -->
      </class> <!-- Academy.validateNavigationBar -->
    </test> <!-- Validate Navigation Bar -->
  </suite> <!-- Suite -->
</testng-results>
